\BOOKMARK [1][]{section.1}{Introdu\347\343o}{}
\BOOKMARK [1][]{section.2}{An\341lise L\351xica}{}
\BOOKMARK [2][]{subsection.2.1}{Ferramenta JFlex}{section.2}
\BOOKMARK [2][]{subsection.2.2}{Linguagem JLex}{section.2}
\BOOKMARK [2][]{subsection.2.3}{Explicitando o arquivo AnaliseLexica.flex}{section.2}
\BOOKMARK [2][]{subsection.2.4}{Primeira Se\347\343o}{section.2}
\BOOKMARK [3][]{subsubsection.2.4.1}{Declara\347\343o de pacotes e imports}{subsection.2.4}
\BOOKMARK [2][]{subsection.2.5}{Segunda Se\347\343o}{section.2}
\BOOKMARK [3][]{subsubsection.2.5.1}{Defini\347\343o das op\347\365es a serem usadas}{subsection.2.5}
\BOOKMARK [3][]{subsubsection.2.5.2}{Declara\347\343o de vari\341veis e m\351todos}{subsection.2.5}
\BOOKMARK [3][]{subsubsection.2.5.3}{Express\365es Regulares}{subsection.2.5}
\BOOKMARK [3][]{subsubsection.2.5.4}{Delimitadores de linha}{subsection.2.5}
\BOOKMARK [3][]{subsubsection.2.5.5}{Coment\341rios}{subsection.2.5}
\BOOKMARK [3][]{subsubsection.2.5.6}{Alfa num\351ricos}{subsection.2.5}
\BOOKMARK [3][]{subsubsection.2.5.7}{Identificadores}{subsection.2.5}
\BOOKMARK [3][]{subsubsection.2.5.8}{Tipos B\341sicos}{subsection.2.5}
\BOOKMARK [3][]{subsubsection.2.5.9}{Tipo String}{subsection.2.5}
\BOOKMARK [3][]{subsubsection.2.5.10}{Tipo Integer}{subsection.2.5}
\BOOKMARK [3][]{subsubsection.2.5.11}{Tipo Real}{subsection.2.5}
\BOOKMARK [3][]{subsubsection.2.5.12}{Tipo Boolean}{subsection.2.5}
\BOOKMARK [3][]{subsubsection.2.5.13}{Tipos Compostos - Cole\347\365es}{subsection.2.5}
\BOOKMARK [2][]{subsection.2.6}{Terceira Se\347\343o}{section.2}
\BOOKMARK [3][]{subsubsection.2.6.1}{Espa\347o e coment\341rio}{subsection.2.6}
\BOOKMARK [3][]{subsubsection.2.6.2}{Nomes de pacotes, opera\347\343o de cole\347\343o, ponto e dois pontos}{subsection.2.6}
\BOOKMARK [3][]{subsubsection.2.6.3}{Par\352nteses, Colchetes, Chaves, V\355rgula e Barra}{subsection.2.6}
\BOOKMARK [3][]{subsubsection.2.6.4}{Operadores}{subsection.2.6}
\BOOKMARK [3][]{subsubsection.2.6.5}{Keywords}{subsection.2.6}
\BOOKMARK [3][]{subsubsection.2.6.6}{Express\343o Condicional if-then-else}{subsection.2.6}
\BOOKMARK [3][]{subsubsection.2.6.7}{Operadores ''Booleanos''}{subsection.2.6}
\BOOKMARK [3][]{subsubsection.2.6.8}{Nomes dos Tipos B\341sicos}{subsection.2.6}
\BOOKMARK [3][]{subsubsection.2.6.9}{Tipos b\341sicos e identificador}{subsection.2.6}
\BOOKMARK [1][]{section.3}{An\341lise Sint\341tica}{}
\BOOKMARK [2][]{subsection.3.1}{Ferramenta JCup}{section.3}
\BOOKMARK [1][]{section.4}{Conclus\343o}{}
\BOOKMARK [1][]{section.5}{Bibliografia}{}
